  2DTriangles.cpp
2DTriangles.obj : error LNK2001: unresolved external symbol glfwSwapBuffers
2DTriangles.obj : error LNK2001: unresolved external symbol __imp___glewEnableVertexAttribArray
2DTriangles.obj : error LNK2001: unresolved external symbol __imp___glewBindVertexArray
2DTriangles.obj : error LNK2001: unresolved external symbol __imp___glewUseProgram
2DTriangles.obj : error LNK2001: unresolved external symbol glfwSetFramebufferSizeCallback
2DTriangles.obj : error LNK2001: unresolved external symbol __imp___glewVertexAttribPointer
2DTriangles.obj : error LNK2001: unresolved external symbol __imp___glewGetShaderiv
2DTriangles.obj : error LNK2001: unresolved external symbol __imp___glewCompileShader
2DTriangles.obj : error LNK2001: unresolved external symbol __imp___glewCreateShader
2DTriangles.obj : error LNK2001: unresolved external symbol __imp___glewBindBuffer
2DTriangles.obj : error LNK2001: unresolved external symbol __imp___glewCreateProgram
2DTriangles.obj : error LNK2001: unresolved external symbol glfwGetKey
2DTriangles.obj : error LNK2001: unresolved external symbol __imp___glewGetShaderInfoLog
2DTriangles.obj : error LNK2001: unresolved external symbol __imp___glewGetProgramiv
2DTriangles.obj : error LNK2001: unresolved external symbol __imp_glewGetErrorString
2DTriangles.obj : error LNK2001: unresolved external symbol glfwTerminate
2DTriangles.obj : error LNK2001: unresolved external symbol glfwPollEvents
2DTriangles.obj : error LNK2001: unresolved external symbol glfwInit
2DTriangles.obj : error LNK2001: unresolved external symbol __imp___glewDeleteVertexArrays
2DTriangles.obj : error LNK2001: unresolved external symbol glfwSetWindowShouldClose
2DTriangles.obj : error LNK2001: unresolved external symbol glfwCreateWindow
2DTriangles.obj : error LNK2001: unresolved external symbol glfwWindowHint
2DTriangles.obj : error LNK2001: unresolved external symbol glfwMakeContextCurrent
2DTriangles.obj : error LNK2001: unresolved external symbol __imp___glewBufferData
2DTriangles.obj : error LNK2001: unresolved external symbol __imp___glewAttachShader
2DTriangles.obj : error LNK2001: unresolved external symbol __imp___glewDeleteProgram
2DTriangles.obj : error LNK2001: unresolved external symbol __imp___glewShaderSource
2DTriangles.obj : error LNK2001: unresolved external symbol __imp___glewGenVertexArrays
2DTriangles.obj : error LNK2001: unresolved external symbol __imp_glewExperimental
2DTriangles.obj : error LNK2001: unresolved external symbol __imp___glewGetProgramInfoLog
2DTriangles.obj : error LNK2001: unresolved external symbol __imp___glewGenBuffers
2DTriangles.obj : error LNK2001: unresolved external symbol __imp___glewLinkProgram
2DTriangles.obj : error LNK2001: unresolved external symbol glfwWindowShouldClose
2DTriangles.obj : error LNK2001: unresolved external symbol __imp_glewInit
2DTriangles.obj : error LNK2001: unresolved external symbol __imp___glewDeleteBuffers
C:\Users\dwt23\source\repos\2DTriangles\x64\Release\2DTriangles.exe : fatal error LNK1120: 35 unresolved externals
